# JRE version: OpenJDK Runtime Environment Temurin-21.0.8+9 (21.0.8+9) (build 21.0.8+9-LTS)
# Java VM: OpenJDK 64-Bit Server VM Temurin-21.0.8+9 (21.0.8+9-LTS, mixed mode, sharing, tiered, compressed oops, compressed class ptrs, parallel gc, windows-amd64)
GC Precious Log:
 CardTable entry size: 512
 CPUs: 8 total, 8 available
 Memory: 5965M
 Large Page Support: Disabled
 NUMA Support: Disabled
 Compressed Oops: Enabled (32-bit)
 Alignments: Space 512K, Generation 512K, Heap 2M
 Heap Min Capacity: 100M
 Heap Initial Capacity: 100M
 Heap Max Capacity: 2G
 Pre-touch: Disabled
 Parallel Workers: 8
Heap:
 PSYoungGen      total 7680K, used 1121K [0x00000000d5580000, 0x00000000d6380000, 0x0000000100000000)
  eden space 7168K, 12% used [0x00000000d5580000,0x00000000d5658738,0x00000000d5c80000)
  from space 512K, 50% used [0x00000000d6280000,0x00000000d62c0000,0x00000000d6300000)
  to   space 512K, 0% used [0x00000000d6300000,0x00000000d6300000,0x00000000d6380000)
 ParOldGen       total 135680K, used 135404K [0x0000000080000000, 0x0000000088480000, 0x00000000d5580000)
  object space 135680K, 99% used [0x0000000080000000,0x000000008843b128,0x0000000088480000)
 Metaspace       used 72944K, committed 74624K, reserved 1179648K
  class space    used 7380K, committed 8128K, reserved 1048576K
GC Heap History (20 events):
Event: 70.956 GC heap before
{Heap before GC invocations=105 (full 3):
 PSYoungGen      total 18944K, used 16800K [0x00000000d5580000, 0x00000000d6b80000, 0x0000000100000000)
  eden space 15360K, 100% used [0x00000000d5580000,0x00000000d6480000,0x00000000d6480000)
  from space 3584K, 40% used [0x00000000d6600000,0x00000000d6768000,0x00000000d6980000)
  to   space 2048K, 0% used [0x00000000d6980000,0x00000000d6980000,0x00000000d6b80000)
 ParOldGen       total 118784K, used 118621K [0x0000000080000000, 0x0000000087400000, 0x00000000d5580000)
  object space 118784K, 99% used [0x0000000080000000,0x00000000873d75a0,0x0000000087400000)
 Metaspace       used 71866K, committed 73600K, reserved 1179648K
  class space    used 7295K, committed 8064K, reserved 1048576K
}
Event: 70.965 GC heap after
{Heap after GC invocations=105 (full 3):
 PSYoungGen      total 17408K, used 2048K [0x00000000d5580000, 0x00000000d6c80000, 0x0000000100000000)
  eden space 15360K, 0% used [0x00000000d5580000,0x00000000d5580000,0x00000000d6480000)
  from space 2048K, 100% used [0x00000000d6980000,0x00000000d6b80000,0x00000000d6b80000)
  to   space 4096K, 0% used [0x00000000d6480000,0x00000000d6480000,0x00000000d6880000)
 ParOldGen       total 120320K, used 119941K [0x0000000080000000, 0x0000000087580000, 0x00000000d5580000)
  object space 120320K, 99% used [0x0000000080000000,0x00000000875215a0,0x0000000087580000)
 Metaspace       used 71866K, committed 73600K, reserved 1179648K
  class space    used 7295K, committed 8064K, reserved 1048576K
}
Event: 72.180 GC heap before
{Heap before GC invocations=106 (full 3):
 PSYoungGen      total 17408K, used 17408K [0x00000000d5580000, 0x00000000d6c80000, 0x0000000100000000)
  eden space 15360K, 100% used [0x00000000d5580000,0x00000000d6480000,0x00000000d6480000)
  from space 2048K, 100% used [0x00000000d6980000,0x00000000d6b80000,0x00000000d6b80000)
  to   space 4096K, 0% used [0x00000000d6480000,0x00000000d6480000,0x00000000d6880000)
 ParOldGen       total 120320K, used 119941K [0x0000000080000000, 0x0000000087580000, 0x00000000d5580000)
  object space 120320K, 99% used [0x0000000080000000,0x00000000875215a0,0x0000000087580000)
 Metaspace       used 71982K, committed 73728K, reserved 1179648K
  class space    used 7298K, committed 8064K, reserved 1048576K
}
Event: 72.189 GC heap after
{Heap after GC invocations=106 (full 3):
 PSYoungGen      total 17920K, used 2112K [0x00000000d5580000, 0x00000000d6a80000, 0x0000000100000000)
  eden space 15360K, 0% used [0x00000000d5580000,0x00000000d5580000,0x00000000d6480000)
  from space 2560K, 82% used [0x00000000d6480000,0x00000000d6690000,0x00000000d6700000)
  to   space 3072K, 0% used [0x00000000d6780000,0x00000000d6780000,0x00000000d6a80000)
 ParOldGen       total 121856K, used 121806K [0x0000000080000000, 0x0000000087700000, 0x00000000d5580000)
  object space 121856K, 99% used [0x0000000080000000,0x00000000876f39c0,0x0000000087700000)
 Metaspace       used 71982K, committed 73728K, reserved 1179648K
  class space    used 7298K, committed 8064K, reserved 1048576K
}
Event: 72.588 GC heap before
{Heap before GC invocations=107 (full 3):
 PSYoungGen      total 17920K, used 17472K [0x00000000d5580000, 0x00000000d6a80000, 0x0000000100000000)
  eden space 15360K, 100% used [0x00000000d5580000,0x00000000d6480000,0x00000000d6480000)
  from space 2560K, 82% used [0x00000000d6480000,0x00000000d6690000,0x00000000d6700000)
  to   space 3072K, 0% used [0x00000000d6780000,0x00000000d6780000,0x00000000d6a80000)
 ParOldGen       total 121856K, used 121806K [0x0000000080000000, 0x0000000087700000, 0x00000000d5580000)
  object space 121856K, 99% used [0x0000000080000000,0x00000000876f39c0,0x0000000087700000)
 Metaspace       used 71989K, committed 73728K, reserved 1179648K
  class space    used 7298K, committed 8064K, reserved 1048576K
}
Event: 72.596 GC heap after
{Heap after GC invocations=107 (full 3):
 PSYoungGen      total 10240K, used 3066K [0x00000000d5580000, 0x00000000d7a80000, 0x0000000100000000)
  eden space 7168K, 0% used [0x00000000d5580000,0x00000000d5580000,0x00000000d5c80000)
  from space 3072K, 99% used [0x00000000d6780000,0x00000000d6a7ea98,0x00000000d6a80000)
  to   space 11264K, 0% used [0x00000000d5c80000,0x00000000d5c80000,0x00000000d6780000)
 ParOldGen       total 128512K, used 128321K [0x0000000080000000, 0x0000000087d80000, 0x00000000d5580000)
  object space 128512K, 99% used [0x0000000080000000,0x0000000087d50510,0x0000000087d80000)
 Metaspace       used 71989K, committed 73728K, reserved 1179648K
  class space    used 7298K, committed 8064K, reserved 1048576K
}
Event: 72.733 GC heap before
{Heap before GC invocations=108 (full 3):
 PSYoungGen      total 10240K, used 10234K [0x00000000d5580000, 0x00000000d7a80000, 0x0000000100000000)
  eden space 7168K, 100% used [0x00000000d5580000,0x00000000d5c80000,0x00000000d5c80000)
  from space 3072K, 99% used [0x00000000d6780000,0x00000000d6a7ea98,0x00000000d6a80000)
  to   space 11264K, 0% used [0x00000000d5c80000,0x00000000d5c80000,0x00000000d6780000)
 ParOldGen       total 128512K, used 128321K [0x0000000080000000, 0x0000000087d80000, 0x00000000d5580000)
  object space 128512K, 99% used [0x0000000080000000,0x0000000087d50510,0x0000000087d80000)
 Metaspace       used 71991K, committed 73728K, reserved 1179648K
  class space    used 7298K, committed 8064K, reserved 1048576K
}
Event: 72.739 GC heap after
{Heap after GC invocations=108 (full 3):
 PSYoungGen      total 8192K, used 896K [0x00000000d5580000, 0x00000000d6800000, 0x0000000100000000)
  eden space 7168K, 0% used [0x00000000d5580000,0x00000000d5580000,0x00000000d5c80000)
  from space 1024K, 87% used [0x00000000d5c80000,0x00000000d5d60000,0x00000000d5d80000)
  to   space 4096K, 0% used [0x00000000d6400000,0x00000000d6400000,0x00000000d6800000)
 ParOldGen       total 131584K, used 131406K [0x0000000080000000, 0x0000000088080000, 0x00000000d5580000)
  object space 131584K, 99% used [0x0000000080000000,0x0000000088053960,0x0000000088080000)
 Metaspace       used 71991K, committed 73728K, reserved 1179648K
  class space    used 7298K, committed 8064K, reserved 1048576K
}
Event: 73.001 GC heap before
{Heap before GC invocations=109 (full 3):
 PSYoungGen      total 8192K, used 8064K [0x00000000d5580000, 0x00000000d6800000, 0x0000000100000000)
  eden space 7168K, 100% used [0x00000000d5580000,0x00000000d5c80000,0x00000000d5c80000)
  from space 1024K, 87% used [0x00000000d5c80000,0x00000000d5d60000,0x00000000d5d80000)
  to   space 4096K, 0% used [0x00000000d6400000,0x00000000d6400000,0x00000000d6800000)
 ParOldGen       total 131584K, used 131406K [0x0000000080000000, 0x0000000088080000, 0x00000000d5580000)
  object space 131584K, 99% used [0x0000000080000000,0x0000000088053960,0x0000000088080000)
 Metaspace       used 72012K, committed 73728K, reserved 1179648K
  class space    used 7299K, committed 8064K, reserved 1048576K
}
Event: 73.007 GC heap after
{Heap after GC invocations=109 (full 3):
 PSYoungGen      total 8704K, used 1216K [0x00000000d5580000, 0x00000000d6580000, 0x0000000100000000)
  eden space 7168K, 0% used [0x00000000d5580000,0x00000000d5580000,0x00000000d5c80000)
  from space 1536K, 79% used [0x00000000d6400000,0x00000000d6530000,0x00000000d6580000)
  to   space 2048K, 0% used [0x00000000d6180000,0x00000000d6180000,0x00000000d6380000)
 ParOldGen       total 132608K, used 132142K [0x0000000080000000, 0x0000000088180000, 0x00000000d5580000)
  object space 132608K, 99% used [0x0000000080000000,0x000000008810b980,0x0000000088180000)
 Metaspace       used 72012K, committed 73728K, reserved 1179648K
  class space    used 7299K, committed 8064K, reserved 1048576K
}
Event: 73.178 GC heap before
{Heap before GC invocations=110 (full 3):
 PSYoungGen      total 8704K, used 8384K [0x00000000d5580000, 0x00000000d6580000, 0x0000000100000000)
  eden space 7168K, 100% used [0x00000000d5580000,0x00000000d5c80000,0x00000000d5c80000)
  from space 1536K, 79% used [0x00000000d6400000,0x00000000d6530000,0x00000000d6580000)
  to   space 2048K, 0% used [0x00000000d6180000,0x00000000d6180000,0x00000000d6380000)
 ParOldGen       total 132608K, used 132142K [0x0000000080000000, 0x0000000088180000, 0x00000000d5580000)
  object space 132608K, 99% used [0x0000000080000000,0x000000008810b980,0x0000000088180000)
 Metaspace       used 72039K, committed 73728K, reserved 1179648K
  class space    used 7299K, committed 8064K, reserved 1048576K
}
Event: 73.182 GC heap after
{Heap after GC invocations=110 (full 3):
 PSYoungGen      total 8704K, used 1248K [0x00000000d5580000, 0x00000000d6480000, 0x0000000100000000)
  eden space 7168K, 0% used [0x00000000d5580000,0x00000000d5580000,0x00000000d5c80000)
  from space 1536K, 81% used [0x00000000d6180000,0x00000000d62b8020,0x00000000d6300000)
  to   space 1536K, 0% used [0x00000000d6300000,0x00000000d6300000,0x00000000d6480000)
 ParOldGen       total 133632K, used 133246K [0x0000000080000000, 0x0000000088280000, 0x00000000d5580000)
  object space 133632K, 99% used [0x0000000080000000,0x000000008821f8d0,0x0000000088280000)
 Metaspace       used 72039K, committed 73728K, reserved 1179648K
  class space    used 7299K, committed 8064K, reserved 1048576K
}
Event: 73.707 GC heap before
{Heap before GC invocations=111 (full 3):
 PSYoungGen      total 8704K, used 8416K [0x00000000d5580000, 0x00000000d6480000, 0x0000000100000000)
  eden space 7168K, 100% used [0x00000000d5580000,0x00000000d5c80000,0x00000000d5c80000)
  from space 1536K, 81% used [0x00000000d6180000,0x00000000d62b8020,0x00000000d6300000)
  to   space 1536K, 0% used [0x00000000d6300000,0x00000000d6300000,0x00000000d6480000)
 ParOldGen       total 133632K, used 133246K [0x0000000080000000, 0x0000000088280000, 0x00000000d5580000)
  object space 133632K, 99% used [0x0000000080000000,0x000000008821f8d0,0x0000000088280000)
 Metaspace       used 72043K, committed 73728K, reserved 1179648K
  class space    used 7299K, committed 8064K, reserved 1048576K
}
Event: 73.710 GC heap after
{Heap after GC invocations=111 (full 3):
 PSYoungGen      total 8192K, used 864K [0x00000000d5580000, 0x00000000d6400000, 0x0000000100000000)
  eden space 7168K, 0% used [0x00000000d5580000,0x00000000d5580000,0x00000000d5c80000)
  from space 1024K, 84% used [0x00000000d6300000,0x00000000d63d8000,0x00000000d6400000)
  to   space 1024K, 0% used [0x00000000d6200000,0x00000000d6200000,0x00000000d6300000)
 ParOldGen       total 134656K, used 134276K [0x0000000080000000, 0x0000000088380000, 0x00000000d5580000)
  object space 134656K, 99% used [0x0000000080000000,0x0000000088321270,0x0000000088380000)
 Metaspace       used 72043K, committed 73728K, reserved 1179648K
  class space    used 7299K, committed 8064K, reserved 1048576K
}
Event: 74.147 GC heap before
{Heap before GC invocations=112 (full 3):
 PSYoungGen      total 8192K, used 8032K [0x00000000d5580000, 0x00000000d6400000, 0x0000000100000000)
  eden space 7168K, 100% used [0x00000000d5580000,0x00000000d5c80000,0x00000000d5c80000)
  from space 1024K, 84% used [0x00000000d6300000,0x00000000d63d8000,0x00000000d6400000)
  to   space 1024K, 0% used [0x00000000d6200000,0x00000000d6200000,0x00000000d6300000)
 ParOldGen       total 134656K, used 134276K [0x0000000080000000, 0x0000000088380000, 0x00000000d5580000)
  object space 134656K, 99% used [0x0000000080000000,0x0000000088321270,0x0000000088380000)
 Metaspace       used 72392K, committed 74048K, reserved 1179648K
  class space    used 7326K, committed 8064K, reserved 1048576K
}
Event: 74.150 GC heap after
{Heap after GC invocations=112 (full 3):
 PSYoungGen      total 8192K, used 533K [0x00000000d5580000, 0x00000000d6380000, 0x0000000100000000)
  eden space 7168K, 0% used [0x00000000d5580000,0x00000000d5580000,0x00000000d5c80000)
  from space 1024K, 52% used [0x00000000d6200000,0x00000000d6285430,0x00000000d6300000)
  to   space 512K, 0% used [0x00000000d6300000,0x00000000d6300000,0x00000000d6380000)
 ParOldGen       total 135168K, used 134876K [0x0000000080000000, 0x0000000088400000, 0x00000000d5580000)
  object space 135168K, 99% used [0x0000000080000000,0x00000000883b72b0,0x0000000088400000)
 Metaspace       used 72392K, committed 74048K, reserved 1179648K
  class space    used 7326K, committed 8064K, reserved 1048576K
}
Event: 320.572 GC heap before
{Heap before GC invocations=113 (full 3):
 PSYoungGen      total 8192K, used 7701K [0x00000000d5580000, 0x00000000d6380000, 0x0000000100000000)
  eden space 7168K, 99% used [0x00000000d5580000,0x00000000d5c7fff8,0x00000000d5c80000)
  from space 1024K, 52% used [0x00000000d6200000,0x00000000d6285430,0x00000000d6300000)
  to   space 512K, 0% used [0x00000000d6300000,0x00000000d6300000,0x00000000d6380000)
 ParOldGen       total 135168K, used 134876K [0x0000000080000000, 0x0000000088400000, 0x00000000d5580000)
  object space 135168K, 99% used [0x0000000080000000,0x00000000883b72b0,0x0000000088400000)
 Metaspace       used 72723K, committed 74432K, reserved 1179648K
  class space    used 7362K, committed 8128K, reserved 1048576K
}
Event: 320.637 GC heap after
{Heap after GC invocations=113 (full 3):
 PSYoungGen      total 7680K, used 320K [0x00000000d5580000, 0x00000000d6380000, 0x0000000100000000)
  eden space 7168K, 0% used [0x00000000d5580000,0x00000000d5580000,0x00000000d5c80000)
  from space 512K, 62% used [0x00000000d6300000,0x00000000d6350000,0x00000000d6380000)
  to   space 512K, 0% used [0x00000000d6280000,0x00000000d6280000,0x00000000d6300000)
 ParOldGen       total 135680K, used 135204K [0x0000000080000000, 0x0000000088480000, 0x00000000d5580000)
  object space 135680K, 99% used [0x0000000080000000,0x0000000088409118,0x0000000088480000)
 Metaspace       used 72723K, committed 74432K, reserved 1179648K
  class space    used 7362K, committed 8128K, reserved 1048576K
}
Event: 2328.283 GC heap before
{Heap before GC invocations=114 (full 3):
 PSYoungGen      total 7680K, used 7488K [0x00000000d5580000, 0x00000000d6380000, 0x0000000100000000)
  eden space 7168K, 100% used [0x00000000d5580000,0x00000000d5c80000,0x00000000d5c80000)
  from space 512K, 62% used [0x00000000d6300000,0x00000000d6350000,0x00000000d6380000)
  to   space 512K, 0% used [0x00000000d6280000,0x00000000d6280000,0x00000000d6300000)
 ParOldGen       total 135680K, used 135204K [0x0000000080000000, 0x0000000088480000, 0x00000000d5580000)
  object space 135680K, 99% used [0x0000000080000000,0x0000000088409118,0x0000000088480000)
 Metaspace       used 72938K, committed 74624K, reserved 1179648K
  class space    used 7380K, committed 8128K, reserved 1048576K
}
Event: 2328.369 GC heap after
{Heap after GC invocations=114 (full 3):
 PSYoungGen      total 7680K, used 256K [0x00000000d5580000, 0x00000000d6380000, 0x0000000100000000)
  eden space 7168K, 0% used [0x00000000d5580000,0x00000000d5580000,0x00000000d5c80000)
  from space 512K, 50% used [0x00000000d6280000,0x00000000d62c0000,0x00000000d6300000)
  to   space 512K, 0% used [0x00000000d6300000,0x00000000d6300000,0x00000000d6380000)
 ParOldGen       total 135680K, used 135404K [0x0000000080000000, 0x0000000088480000, 0x00000000d5580000)
  object space 135680K, 99% used [0x0000000080000000,0x000000008843b128,0x0000000088480000)
 Metaspace       used 72938K, committed 74624K, reserved 1179648K
  class space    used 7380K, committed 8128K, reserved 1048576K
}

