# JRE version: OpenJDK Runtime Environment Temurin-21.0.8+9 (21.0.8+9) (build 21.0.8+9-LTS)
# Java VM: OpenJDK 64-Bit Server VM Temurin-21.0.8+9 (21.0.8+9-LTS, mixed mode, sharing, tiered, compressed oops, compressed class ptrs, parallel gc, windows-amd64)
GC Precious Log:
 CardTable entry size: 512
 CPUs: 8 total, 8 available
 Memory: 5965M
 Large Page Support: Disabled
 NUMA Support: Disabled
 Compressed Oops: Enabled (32-bit)
 Alignments: Space 512K, Generation 512K, Heap 2M
 Heap Min Capacity: 100M
 Heap Initial Capacity: 100M
 Heap Max Capacity: 2G
 Pre-touch: Disabled
 Parallel Workers: 8
Heap:
 PSYoungGen      total 8192K, used 8022K [0x00000000d5580000, 0x00000000d6200000, 0x0000000100000000)
  eden space 7680K, 98% used [0x00000000d5580000,0x00000000d5cdcd20,0x00000000d5d00000)
  from space 512K, 94% used [0x00000000d6100000,0x00000000d6178d78,0x00000000d6180000)
  to   space 512K, 0% used [0x00000000d6180000,0x00000000d6180000,0x00000000d6200000)
 ParOldGen       total 156160K, used 155869K [0x0000000080000000, 0x0000000089880000, 0x00000000d5580000)
  object space 156160K, 99% used [0x0000000080000000,0x0000000089837680,0x0000000089880000)
 Metaspace       used 72539K, committed 74240K, reserved 1179648K
  class space    used 7330K, committed 8064K, reserved 1048576K
GC Heap History (20 events):
Event: 73.109 GC heap before
{Heap before GC invocations=219 (full 3):
 PSYoungGen      total 9216K, used 9152K [0x00000000d5580000, 0x00000000d6080000, 0x0000000100000000)
  eden space 8192K, 100% used [0x00000000d5580000,0x00000000d5d80000,0x00000000d5d80000)
  from space 1024K, 93% used [0x00000000d5e80000,0x00000000d5f70000,0x00000000d5f80000)
  to   space 1024K, 0% used [0x00000000d5f80000,0x00000000d5f80000,0x00000000d6080000)
 ParOldGen       total 142336K, used 142094K [0x0000000080000000, 0x0000000088b00000, 0x00000000d5580000)
  object space 142336K, 99% used [0x0000000080000000,0x0000000088ac39f0,0x0000000088b00000)
 Metaspace       used 71192K, committed 72832K, reserved 1114112K
  class space    used 7218K, committed 7936K, reserved 1048576K
}
Event: 73.113 GC heap after
{Heap after GC invocations=219 (full 3):
 PSYoungGen      total 8704K, used 1024K [0x00000000d5580000, 0x00000000d6280000, 0x0000000100000000)
  eden space 7680K, 0% used [0x00000000d5580000,0x00000000d5580000,0x00000000d5d00000)
  from space 1024K, 100% used [0x00000000d5f80000,0x00000000d6080000,0x00000000d6080000)
  to   space 2560K, 0% used [0x00000000d5d00000,0x00000000d5d00000,0x00000000d5f80000)
 ParOldGen       total 143360K, used 143246K [0x0000000080000000, 0x0000000088c00000, 0x00000000d5580000)
  object space 143360K, 99% used [0x0000000080000000,0x0000000088be3940,0x0000000088c00000)
 Metaspace       used 71192K, committed 72832K, reserved 1114112K
  class space    used 7218K, committed 7936K, reserved 1048576K
}
Event: 73.249 GC heap before
{Heap before GC invocations=220 (full 3):
 PSYoungGen      total 8704K, used 8688K [0x00000000d5580000, 0x00000000d6280000, 0x0000000100000000)
  eden space 7680K, 99% used [0x00000000d5580000,0x00000000d5cfc068,0x00000000d5d00000)
  from space 1024K, 100% used [0x00000000d5f80000,0x00000000d6080000,0x00000000d6080000)
  to   space 2560K, 0% used [0x00000000d5d00000,0x00000000d5d00000,0x00000000d5f80000)
 ParOldGen       total 143360K, used 143246K [0x0000000080000000, 0x0000000088c00000, 0x00000000d5580000)
  object space 143360K, 99% used [0x0000000080000000,0x0000000088be3940,0x0000000088c00000)
 Metaspace       used 71213K, committed 72832K, reserved 1114112K
  class space    used 7218K, committed 7936K, reserved 1048576K
}
Event: 73.253 GC heap after
{Heap after GC invocations=220 (full 3):
 PSYoungGen      total 10240K, used 2555K [0x00000000d5580000, 0x00000000d6a00000, 0x0000000100000000)
  eden space 7680K, 0% used [0x00000000d5580000,0x00000000d5580000,0x00000000d5d00000)
  from space 2560K, 99% used [0x00000000d5d00000,0x00000000d5f7ec80,0x00000000d5f80000)
  to   space 6656K, 0% used [0x00000000d6380000,0x00000000d6380000,0x00000000d6a00000)
 ParOldGen       total 146944K, used 146470K [0x0000000080000000, 0x0000000088f80000, 0x00000000d5580000)
  object space 146944K, 99% used [0x0000000080000000,0x0000000088f099f0,0x0000000088f80000)
 Metaspace       used 71213K, committed 72832K, reserved 1114112K
  class space    used 7218K, committed 7936K, reserved 1048576K
}
Event: 73.374 GC heap before
{Heap before GC invocations=221 (full 3):
 PSYoungGen      total 10240K, used 10235K [0x00000000d5580000, 0x00000000d6a00000, 0x0000000100000000)
  eden space 7680K, 100% used [0x00000000d5580000,0x00000000d5d00000,0x00000000d5d00000)
  from space 2560K, 99% used [0x00000000d5d00000,0x00000000d5f7ec80,0x00000000d5f80000)
  to   space 6656K, 0% used [0x00000000d6380000,0x00000000d6380000,0x00000000d6a00000)
 ParOldGen       total 146944K, used 146470K [0x0000000080000000, 0x0000000088f80000, 0x00000000d5580000)
  object space 146944K, 99% used [0x0000000080000000,0x0000000088f099f0,0x0000000088f80000)
 Metaspace       used 71217K, committed 72832K, reserved 1114112K
  class space    used 7218K, committed 7936K, reserved 1048576K
}
Event: 73.379 GC heap after
{Heap after GC invocations=221 (full 3):
 PSYoungGen      total 10752K, used 2881K [0x00000000d5580000, 0x00000000d6680000, 0x0000000100000000)
  eden space 7680K, 0% used [0x00000000d5580000,0x00000000d5580000,0x00000000d5d00000)
  from space 3072K, 93% used [0x00000000d6380000,0x00000000d66507d8,0x00000000d6680000)
  to   space 4096K, 0% used [0x00000000d5e80000,0x00000000d5e80000,0x00000000d6280000)
 ParOldGen       total 149504K, used 149004K [0x0000000080000000, 0x0000000089200000, 0x00000000d5580000)
  object space 149504K, 99% used [0x0000000080000000,0x0000000089183390,0x0000000089200000)
 Metaspace       used 71217K, committed 72832K, reserved 1114112K
  class space    used 7218K, committed 7936K, reserved 1048576K
}
Event: 73.545 GC heap before
{Heap before GC invocations=222 (full 3):
 PSYoungGen      total 10752K, used 10561K [0x00000000d5580000, 0x00000000d6680000, 0x0000000100000000)
  eden space 7680K, 100% used [0x00000000d5580000,0x00000000d5d00000,0x00000000d5d00000)
  from space 3072K, 93% used [0x00000000d6380000,0x00000000d66507d8,0x00000000d6680000)
  to   space 4096K, 0% used [0x00000000d5e80000,0x00000000d5e80000,0x00000000d6280000)
 ParOldGen       total 149504K, used 149004K [0x0000000080000000, 0x0000000089200000, 0x00000000d5580000)
  object space 149504K, 99% used [0x0000000080000000,0x0000000089183390,0x0000000089200000)
 Metaspace       used 71218K, committed 72832K, reserved 1114112K
  class space    used 7218K, committed 7936K, reserved 1048576K
}
Event: 73.550 GC heap after
{Heap after GC invocations=222 (full 3):
 PSYoungGen      total 8704K, used 970K [0x00000000d5580000, 0x00000000d6400000, 0x0000000100000000)
  eden space 7680K, 0% used [0x00000000d5580000,0x00000000d5580000,0x00000000d5d00000)
  from space 1024K, 94% used [0x00000000d5e80000,0x00000000d5f72800,0x00000000d5f80000)
  to   space 2048K, 0% used [0x00000000d6200000,0x00000000d6200000,0x00000000d6400000)
 ParOldGen       total 152064K, used 151783K [0x0000000080000000, 0x0000000089480000, 0x00000000d5580000)
  object space 152064K, 99% used [0x0000000080000000,0x0000000089439d00,0x0000000089480000)
 Metaspace       used 71218K, committed 72832K, reserved 1114112K
  class space    used 7218K, committed 7936K, reserved 1048576K
}
Event: 73.717 GC heap before
{Heap before GC invocations=223 (full 3):
 PSYoungGen      total 8704K, used 8650K [0x00000000d5580000, 0x00000000d6400000, 0x0000000100000000)
  eden space 7680K, 100% used [0x00000000d5580000,0x00000000d5d00000,0x00000000d5d00000)
  from space 1024K, 94% used [0x00000000d5e80000,0x00000000d5f72800,0x00000000d5f80000)
  to   space 2048K, 0% used [0x00000000d6200000,0x00000000d6200000,0x00000000d6400000)
 ParOldGen       total 152064K, used 151783K [0x0000000080000000, 0x0000000089480000, 0x00000000d5580000)
  object space 152064K, 99% used [0x0000000080000000,0x0000000089439d00,0x0000000089480000)
 Metaspace       used 71234K, committed 72832K, reserved 1114112K
  class space    used 7218K, committed 7936K, reserved 1048576K
}
Event: 73.721 GC heap after
{Heap after GC invocations=223 (full 3):
 PSYoungGen      total 9216K, used 1424K [0x00000000d5580000, 0x00000000d6380000, 0x0000000100000000)
  eden space 7680K, 0% used [0x00000000d5580000,0x00000000d5580000,0x00000000d5d00000)
  from space 1536K, 92% used [0x00000000d6200000,0x00000000d6364210,0x00000000d6380000)
  to   space 1536K, 0% used [0x00000000d6080000,0x00000000d6080000,0x00000000d6200000)
 ParOldGen       total 153088K, used 152591K [0x0000000080000000, 0x0000000089580000, 0x00000000d5580000)
  object space 153088K, 99% used [0x0000000080000000,0x0000000089503d20,0x0000000089580000)
 Metaspace       used 71234K, committed 72832K, reserved 1114112K
  class space    used 7218K, committed 7936K, reserved 1048576K
}
Event: 73.868 GC heap before
{Heap before GC invocations=224 (full 3):
 PSYoungGen      total 9216K, used 9104K [0x00000000d5580000, 0x00000000d6380000, 0x0000000100000000)
  eden space 7680K, 100% used [0x00000000d5580000,0x00000000d5d00000,0x00000000d5d00000)
  from space 1536K, 92% used [0x00000000d6200000,0x00000000d6364210,0x00000000d6380000)
  to   space 1536K, 0% used [0x00000000d6080000,0x00000000d6080000,0x00000000d6200000)
 ParOldGen       total 153088K, used 152591K [0x0000000080000000, 0x0000000089580000, 0x00000000d5580000)
  object space 153088K, 99% used [0x0000000080000000,0x0000000089503d20,0x0000000089580000)
 Metaspace       used 71255K, committed 72832K, reserved 1114112K
  class space    used 7218K, committed 7936K, reserved 1048576K
}
Event: 73.871 GC heap after
{Heap after GC invocations=224 (full 3):
 PSYoungGen      total 9216K, used 1376K [0x00000000d5580000, 0x00000000d6280000, 0x0000000100000000)
  eden space 7680K, 0% used [0x00000000d5580000,0x00000000d5580000,0x00000000d5d00000)
  from space 1536K, 89% used [0x00000000d6080000,0x00000000d61d8020,0x00000000d6200000)
  to   space 512K, 0% used [0x00000000d6200000,0x00000000d6200000,0x00000000d6280000)
 ParOldGen       total 154112K, used 153789K [0x0000000080000000, 0x0000000089680000, 0x00000000d5580000)
  object space 154112K, 99% used [0x0000000080000000,0x000000008962f750,0x0000000089680000)
 Metaspace       used 71255K, committed 72832K, reserved 1114112K
  class space    used 7218K, committed 7936K, reserved 1048576K
}
Event: 74.099 GC heap before
{Heap before GC invocations=225 (full 3):
 PSYoungGen      total 9216K, used 9056K [0x00000000d5580000, 0x00000000d6280000, 0x0000000100000000)
  eden space 7680K, 100% used [0x00000000d5580000,0x00000000d5d00000,0x00000000d5d00000)
  from space 1536K, 89% used [0x00000000d6080000,0x00000000d61d8020,0x00000000d6200000)
  to   space 512K, 0% used [0x00000000d6200000,0x00000000d6200000,0x00000000d6280000)
 ParOldGen       total 154112K, used 153789K [0x0000000080000000, 0x0000000089680000, 0x00000000d5580000)
  object space 154112K, 99% used [0x0000000080000000,0x000000008962f750,0x0000000089680000)
 Metaspace       used 71293K, committed 72896K, reserved 1179648K
  class space    used 7219K, committed 7936K, reserved 1048576K
}
Event: 74.102 GC heap after
{Heap after GC invocations=225 (full 3):
 PSYoungGen      total 8192K, used 512K [0x00000000d5580000, 0x00000000d6280000, 0x0000000100000000)
  eden space 7680K, 0% used [0x00000000d5580000,0x00000000d5580000,0x00000000d5d00000)
  from space 512K, 100% used [0x00000000d6200000,0x00000000d6280000,0x00000000d6280000)
  to   space 2048K, 0% used [0x00000000d5e80000,0x00000000d5e80000,0x00000000d6080000)
 ParOldGen       total 155136K, used 154833K [0x0000000080000000, 0x0000000089780000, 0x00000000d5580000)
  object space 155136K, 99% used [0x0000000080000000,0x00000000897347d0,0x0000000089780000)
 Metaspace       used 71293K, committed 72896K, reserved 1179648K
  class space    used 7219K, committed 7936K, reserved 1048576K
}
Event: 74.414 GC heap before
{Heap before GC invocations=226 (full 3):
 PSYoungGen      total 8192K, used 8191K [0x00000000d5580000, 0x00000000d6280000, 0x0000000100000000)
  eden space 7680K, 99% used [0x00000000d5580000,0x00000000d5cffff8,0x00000000d5d00000)
  from space 512K, 100% used [0x00000000d6200000,0x00000000d6280000,0x00000000d6280000)
  to   space 2048K, 0% used [0x00000000d5e80000,0x00000000d5e80000,0x00000000d6080000)
 ParOldGen       total 155136K, used 154833K [0x0000000080000000, 0x0000000089780000, 0x00000000d5580000)
  object space 155136K, 99% used [0x0000000080000000,0x00000000897347d0,0x0000000089780000)
 Metaspace       used 71651K, committed 73216K, reserved 1179648K
  class space    used 7247K, committed 7936K, reserved 1048576K
}
Event: 74.416 GC heap after
{Heap after GC invocations=226 (full 3):
 PSYoungGen      total 9728K, used 501K [0x00000000d5580000, 0x00000000d6280000, 0x0000000100000000)
  eden space 7680K, 0% used [0x00000000d5580000,0x00000000d5580000,0x00000000d5d00000)
  from space 2048K, 24% used [0x00000000d5e80000,0x00000000d5efd430,0x00000000d6080000)
  to   space 1024K, 0% used [0x00000000d6180000,0x00000000d6180000,0x00000000d6280000)
 ParOldGen       total 155648K, used 155318K [0x0000000080000000, 0x0000000089800000, 0x00000000d5580000)
  object space 155648K, 99% used [0x0000000080000000,0x00000000897adaf8,0x0000000089800000)
 Metaspace       used 71651K, committed 73216K, reserved 1179648K
  class space    used 7247K, committed 7936K, reserved 1048576K
}
Event: 354.396 GC heap before
{Heap before GC invocations=227 (full 3):
 PSYoungGen      total 9728K, used 8181K [0x00000000d5580000, 0x00000000d6280000, 0x0000000100000000)
  eden space 7680K, 99% used [0x00000000d5580000,0x00000000d5cffff0,0x00000000d5d00000)
  from space 2048K, 24% used [0x00000000d5e80000,0x00000000d5efd430,0x00000000d6080000)
  to   space 1024K, 0% used [0x00000000d6180000,0x00000000d6180000,0x00000000d6280000)
 ParOldGen       total 155648K, used 155318K [0x0000000080000000, 0x0000000089800000, 0x00000000d5580000)
  object space 155648K, 99% used [0x0000000080000000,0x00000000897adaf8,0x0000000089800000)
 Metaspace       used 72140K, committed 73728K, reserved 1179648K
  class space    used 7291K, committed 8000K, reserved 1048576K
}
Event: 354.470 GC heap after
{Heap after GC invocations=227 (full 3):
 PSYoungGen      total 8192K, used 352K [0x00000000d5580000, 0x00000000d6200000, 0x0000000100000000)
  eden space 7680K, 0% used [0x00000000d5580000,0x00000000d5580000,0x00000000d5d00000)
  from space 512K, 68% used [0x00000000d6180000,0x00000000d61d8020,0x00000000d6200000)
  to   space 512K, 0% used [0x00000000d6100000,0x00000000d6100000,0x00000000d6180000)
 ParOldGen       total 155648K, used 155584K [0x0000000080000000, 0x0000000089800000, 0x00000000d5580000)
  object space 155648K, 99% used [0x0000000080000000,0x00000000897f00c0,0x0000000089800000)
 Metaspace       used 72140K, committed 73728K, reserved 1179648K
  class space    used 7291K, committed 8000K, reserved 1048576K
}
Event: 1035.596 GC heap before
{Heap before GC invocations=228 (full 3):
 PSYoungGen      total 8192K, used 8032K [0x00000000d5580000, 0x00000000d6200000, 0x0000000100000000)
  eden space 7680K, 100% used [0x00000000d5580000,0x00000000d5d00000,0x00000000d5d00000)
  from space 512K, 68% used [0x00000000d6180000,0x00000000d61d8020,0x00000000d6200000)
  to   space 512K, 0% used [0x00000000d6100000,0x00000000d6100000,0x00000000d6180000)
 ParOldGen       total 155648K, used 155584K [0x0000000080000000, 0x0000000089800000, 0x00000000d5580000)
  object space 155648K, 99% used [0x0000000080000000,0x00000000897f00c0,0x0000000089800000)
 Metaspace       used 72450K, committed 74112K, reserved 1179648K
  class space    used 7326K, committed 8064K, reserved 1048576K
}
Event: 1035.737 GC heap after
{Heap after GC invocations=228 (full 3):
 PSYoungGen      total 8192K, used 483K [0x00000000d5580000, 0x00000000d6200000, 0x0000000100000000)
  eden space 7680K, 0% used [0x00000000d5580000,0x00000000d5580000,0x00000000d5d00000)
  from space 512K, 94% used [0x00000000d6100000,0x00000000d6178d78,0x00000000d6180000)
  to   space 512K, 0% used [0x00000000d6180000,0x00000000d6180000,0x00000000d6200000)
 ParOldGen       total 156160K, used 155869K [0x0000000080000000, 0x0000000089880000, 0x00000000d5580000)
  object space 156160K, 99% used [0x0000000080000000,0x0000000089837680,0x0000000089880000)
 Metaspace       used 72450K, committed 74112K, reserved 1179648K
  class space    used 7326K, committed 8064K, reserved 1048576K
}

